<?xml version="1.0" encoding="UTF-8"?>
<testsuite name="StartSharp" tests="1" skipped="0" failures="0" errors="0" timestamp="2022-05-09T21:59:02" hostname="CHMEPBGWLR93" time="12.506">
  <properties/>
  <testcase name="sign in startSharp and create business unit, meeting" classname="StartSharp" time="12.506"/>
  <system-out><![CDATA[]]></system-out>
  <system-err><![CDATA[may 09, 2022 4:59:02 PM org.openqa.selenium.remote.DesiredCapabilities chrome
INFORMACIÓN: Using `new ChromeOptions()` is preferred to `DesiredCapabilities.chrome()`
Starting ChromeDriver 101.0.4951.41 (93c720db8323b3ec10d056025ab95c23a31997c9-refs/branch-heads/4951@{#904}) on port 22015
Only local connections are allowed.
Please see https://chromedriver.chromium.org/security-considerations for suggestions on keeping ChromeDriver safe.
ChromeDriver was started successfully.
may 09, 2022 4:59:04 PM org.openqa.selenium.remote.ProtocolHandshake createSession
INFORMACIÓN: Detected dialect: W3C
[Test worker] INFO net.serenitybdd.core.Serenity - 
        __    _____ _____ ____ _____   ____   _    ____  ____  _____ ____  
  _     \ \  |_   _| ____/ ___|_   _| |  _ \ / \  / ___|/ ___|| ____|  _ \ 
 (_)_____| |   | | |  _| \___ \ | |   | |_) / _ \ \___ \\___ \|  _| | | | |
  _|_____| |   | | | |___ ___) || |   |  __/ ___ \ ___) |___) | |___| |_| |
 (_)     | |   |_| |_____|____/ |_|   |_| /_/   \_\____/|____/|_____|____/ 
        /_/                                                                

TEST PASSED: sign in startSharp and create business unit, meeting
----------------------------------------------------------------------------
]]></system-err>
</testsuite>
